[debug] [2025-09-21T10:23:32.240Z] ----------------------------------------------------------------------
[debug] [2025-09-21T10:23:32.246Z] Command:       C:\Program Files\nodejs\node.exe C:\Users\M1603QA\npm-global\node_modules\firebase-tools\lib\bin\firebase.js init
[debug] [2025-09-21T10:23:32.247Z] CLI Version:   14.17.0
[debug] [2025-09-21T10:23:32.247Z] Platform:      win32
[debug] [2025-09-21T10:23:32.247Z] Node Version:  v22.11.0
[debug] [2025-09-21T10:23:32.248Z] Time:          Sun Sep 21 2025 15:53:32 GMT+0530 (India Standard Time)
[debug] [2025-09-21T10:23:32.248Z] ----------------------------------------------------------------------
[debug] 
[debug] [2025-09-21T10:23:32.260Z] > command requires scopes: ["email","openid","https://www.googleapis.com/auth/cloudplatformprojects.readonly","https://www.googleapis.com/auth/firebase","https://www.googleapis.com/auth/cloud-platform"]
[debug] [2025-09-21T10:23:32.261Z] > authorizing via signed-in user (jpmanjunath2307@gmail.com)
[info] 
     ######## #### ########  ######## ########     ###     ######  ########
     ##        ##  ##     ## ##       ##     ##  ##   ##  ##       ##
     ######    ##  ########  ######   ########  #########  ######  ######
     ##        ##  ##    ##  ##       ##     ## ##     ##       ## ##
     ##       #### ##     ## ######## ########  ##     ##  ######  ########

You're about to initialize a Firebase project in this directory:

  D:\Genesis tech\Github repo\Project AI-Learning Agent\Project AI-Learning Agent

[info] 
=== Project Setup
[info] 
[info] First, let's associate this project directory with a Firebase project.
[info] You can create multiple project aliases by running firebase use --add, 
[info] but for now we'll just set up a default project.
[info] 
[debug] [2025-09-21T10:24:49.781Z] Checked if tokens are valid: true, expires at: 1758453787375
[debug] [2025-09-21T10:24:49.781Z] Checked if tokens are valid: true, expires at: 1758453787375
[debug] [2025-09-21T10:24:49.784Z] >>> [apiv2][query] GET https://firebase.googleapis.com/v1beta1/projects pageSize=100
[debug] [2025-09-21T10:24:50.785Z] <<< [apiv2][status] GET https://firebase.googleapis.com/v1beta1/projects 200
[debug] [2025-09-21T10:24:50.786Z] <<< [apiv2][body] GET https://firebase.googleapis.com/v1beta1/projects [omitted]
[debug] [2025-09-21T10:25:02.132Z] ExitPromptError: User force closed the prompt with SIGINT
    at Interface.sigint (C:\Users\M1603QA\npm-global\node_modules\firebase-tools\node_modules\@inquirer\core\dist\commonjs\lib\create-prompt.js:101:37)
    at Interface.emit (node:events:518:28)
    at Interface.emit (node:domain:489:12)
    at [_ttyWrite] [as _ttyWrite] (node:internal/readline/interface:1124:18)
    at ReadStream.onkeypress (node:internal/readline/interface:263:20)
    at ReadStream.emit (node:events:530:35)
    at ReadStream.emit (node:domain:489:12)
    at emitKeys (node:internal/readline/utils:370:14)
    at emitKeys.next (<anonymous>)
    at ReadStream.onData (node:internal/readline/emitKeypressEvents:64:36)
[error] 
[error] Error: An unexpected error has occurred.
